TN:
SF:src/utils/utils.ts
FN:2,defaultDateProperties
FN:17,stripDelimiters
FN:34,getDelimiterREByDelimiter
FN:38,getMaxLength
FN:44,sum
FNF:5
FNH:1
FNDA:0,defaultDateProperties
FNDA:0,stripDelimiters
FNDA:0,getDelimiterREByDelimiter
FNDA:0,getMaxLength
FNDA:1,sum
DA:1,1
DA:2,0
DA:3,0
DA:4,0
DA:5,0
DA:6,0
DA:7,0
DA:8,0
DA:9,0
DA:10,0
DA:11,0
DA:12,0
DA:13,0
DA:14,0
DA:15,0
DA:16,1
DA:17,0
DA:18,0
DA:19,0
DA:20,0
DA:21,0
DA:22,0
DA:23,0
DA:24,0
DA:25,0
DA:26,0
DA:27,0
DA:28,0
DA:29,0
DA:30,0
DA:31,0
DA:32,0
DA:33,0
DA:34,0
DA:35,0
DA:36,0
DA:37,1
DA:38,0
DA:39,0
DA:40,0
DA:41,0
DA:42,0
DA:43,1
DA:44,1
DA:45,1
DA:46,1
LF:46
LH:7
BRDA:44,0,0,1
BRDA:45,1,0,2
BRF:2
BRH:2
end_of_record
